<?xml version="1.0" encoding="UTF-8"?>
<testng-results ignored="0" total="2" passed="2" failed="0" skipped="0">
  <reporter-output>
  </reporter-output>
  <suite started-at="2021-08-11T21:28:53 SAST" name="Suite" finished-at="2021-08-11T21:29:16 SAST" duration-ms="23445">
    <groups>
    </groups>
    <test started-at="2021-08-11T21:28:53 SAST" name="TestonChrome" finished-at="2021-08-11T21:29:14 SAST" duration-ms="21491">
      <class name="test.CitriiLoginTest">
        <test-method is-config="true" signature="SetUp(java.lang.String)[pri:0, instance:test.CitriiLoginTest@2b48a640]" started-at="2021-08-11T21:28:53 SAST" name="SetUp" finished-at="2021-08-11T21:28:55 SAST" duration-ms="2161" status="PASS">
          <params>
            <param index="0">
              <value>
                <![CDATA[chrome]]>
              </value>
            </param>
          </params>
          <reporter-output>
          </reporter-output>
        </test-method> <!-- SetUp -->
        <test-method is-config="true" signature="setUp()[pri:0, instance:test.CitriiLoginTest@2b48a640]" started-at="2021-08-11T21:28:55 SAST" name="setUp" finished-at="2021-08-11T21:28:55 SAST" duration-ms="158" status="PASS">
          <reporter-output>
          </reporter-output>
        </test-method> <!-- setUp -->
        <test-method signature="test1()[pri:0, instance:test.CitriiLoginTest@2b48a640]" started-at="2021-08-11T21:28:55 SAST" name="test1" finished-at="2021-08-11T21:29:11 SAST" duration-ms="15728" status="PASS">
          <reporter-output>
          </reporter-output>
        </test-method> <!-- test1 -->
        <test-method is-config="true" signature="tearDownTest()[pri:0, instance:test.CitriiLoginTest@2b48a640]" started-at="2021-08-11T21:29:11 SAST" name="tearDownTest" finished-at="2021-08-11T21:29:14 SAST" duration-ms="3409" status="PASS">
          <reporter-output>
          </reporter-output>
        </test-method> <!-- tearDownTest -->
      </class> <!-- test.CitriiLoginTest -->
    </test> <!-- TestonChrome -->
    <test started-at="2021-08-11T21:28:53 SAST" name="TestonFirefox" finished-at="2021-08-11T21:29:16 SAST" duration-ms="23445">
      <class name="test.CitriiLoginTest">
        <test-method is-config="true" signature="SetUp(java.lang.String)[pri:0, instance:test.CitriiLoginTest@22ef9844]" started-at="2021-08-11T21:28:53 SAST" name="SetUp" finished-at="2021-08-11T21:28:57 SAST" duration-ms="4683" status="PASS">
          <params>
            <param index="0">
              <value>
                <![CDATA[firefox]]>
              </value>
            </param>
          </params>
          <reporter-output>
          </reporter-output>
        </test-method> <!-- SetUp -->
        <test-method is-config="true" signature="setUp()[pri:0, instance:test.CitriiLoginTest@22ef9844]" started-at="2021-08-11T21:28:57 SAST" name="setUp" finished-at="2021-08-11T21:28:57 SAST" duration-ms="1" status="PASS">
          <reporter-output>
          </reporter-output>
        </test-method> <!-- setUp -->
        <test-method signature="test1()[pri:0, instance:test.CitriiLoginTest@22ef9844]" started-at="2021-08-11T21:28:57 SAST" name="test1" finished-at="2021-08-11T21:29:12 SAST" duration-ms="14741" status="PASS">
          <reporter-output>
          </reporter-output>
        </test-method> <!-- test1 -->
        <test-method is-config="true" signature="tearDownTest()[pri:0, instance:test.CitriiLoginTest@22ef9844]" started-at="2021-08-11T21:29:12 SAST" name="tearDownTest" finished-at="2021-08-11T21:29:16 SAST" duration-ms="4013" status="PASS">
          <reporter-output>
          </reporter-output>
        </test-method> <!-- tearDownTest -->
        <test-method is-config="true" signature="tearDown()[pri:0, instance:test.CitriiLoginTest@22ef9844]" started-at="2021-08-11T21:29:16 SAST" name="tearDown" finished-at="2021-08-11T21:29:16 SAST" duration-ms="199" status="PASS">
          <reporter-output>
          </reporter-output>
        </test-method> <!-- tearDown -->
      </class> <!-- test.CitriiLoginTest -->
    </test> <!-- TestonFirefox -->
  </suite> <!-- Suite -->
</testng-results>
